<?xml version="1.0" encoding="UTF-8"?>
<!-- Generated by org.testng.reporters.JUnitXMLReporter -->
<testsuite ignored="0" hostname="DESKTOP-6QR7E27" failures="0" tests="5" name="Banking Test" time="94.163" errors="0" timestamp="2022-06-10T13:43:51 IST">
  <testcase classname="com.inetBankingV1.testCases.TC_LoginTest_001" name="loginTest" time="6.758"/>
  <testcase classname="com.inetBankingV1.testCases.TC_LoginTest_001" name="validateHeaderText" time="0.598"/>
  <testcase classname="com.inetBankingV1.testCases.TC_LoginDDT_002" name="loginDDT" time="13.219"/>
  <testcase classname="com.inetBankingV1.testCases.TC_LoginDDT_002" name="loginDDT" time="13.687"/>
  <testcase classname="com.inetBankingV1.testCases.TC_AddCustomerTest_003" name="addNewCustomer" time="25.822"/>
</testsuite> <!-- Banking Test -->
