<?xml version="1.0" encoding="UTF-8"?>
<testng-results ignored="0" total="5" passed="5" failed="0" skipped="0">
  <reporter-output>
  </reporter-output>
  <suite started-at="2022-06-10T13:42:15 IST" name="InetBankingV1" finished-at="2022-06-10T13:43:49 IST" duration-ms="94163">
    <groups>
    </groups>
    <test started-at="2022-06-10T13:42:15 IST" name="Banking Test" finished-at="2022-06-10T13:43:49 IST" duration-ms="94163">
      <class name="com.inetBankingV1.testCases.TC_AddCustomerTest_003">
        <test-method is-config="true" signature="setUp(java.lang.String)[pri:0, instance:com.inetBankingV1.testCases.TC_AddCustomerTest_003@318ba8c8]" started-at="2022-06-10T13:43:13 IST" name="setUp" finished-at="2022-06-10T13:43:22 IST" duration-ms="9136" status="PASS">
          <params>
            <param index="0">
              <value>
                <![CDATA[chrome]]>
              </value>
            </param>
          </params>
          <reporter-output>
          </reporter-output>
        </test-method> <!-- setUp -->
        <test-method signature="addNewCustomer()[pri:0, instance:com.inetBankingV1.testCases.TC_AddCustomerTest_003@318ba8c8]" started-at="2022-06-10T13:43:22 IST" name="addNewCustomer" finished-at="2022-06-10T13:43:48 IST" duration-ms="25822" status="PASS">
          <reporter-output>
          </reporter-output>
        </test-method> <!-- addNewCustomer -->
        <test-method is-config="true" signature="tearDown()[pri:0, instance:com.inetBankingV1.testCases.TC_AddCustomerTest_003@318ba8c8]" started-at="2022-06-10T13:43:48 IST" name="tearDown" finished-at="2022-06-10T13:43:49 IST" duration-ms="1607" status="PASS">
          <reporter-output>
          </reporter-output>
        </test-method> <!-- tearDown -->
      </class> <!-- com.inetBankingV1.testCases.TC_AddCustomerTest_003 -->
      <class name="com.inetBankingV1.testCases.TC_LoginTest_001">
        <test-method is-config="true" signature="setUp(java.lang.String)[pri:0, instance:com.inetBankingV1.testCases.TC_LoginTest_001@309e345f]" started-at="2022-06-10T13:42:16 IST" name="setUp" finished-at="2022-06-10T13:42:28 IST" duration-ms="12164" status="PASS">
          <params>
            <param index="0">
              <value>
                <![CDATA[chrome]]>
              </value>
            </param>
          </params>
          <reporter-output>
          </reporter-output>
        </test-method> <!-- setUp -->
        <test-method signature="loginTest()[pri:0, instance:com.inetBankingV1.testCases.TC_LoginTest_001@309e345f]" started-at="2022-06-10T13:42:28 IST" name="loginTest" finished-at="2022-06-10T13:42:35 IST" duration-ms="6758" status="PASS">
          <reporter-output>
          </reporter-output>
        </test-method> <!-- loginTest -->
        <test-method signature="validateHeaderText()[pri:0, instance:com.inetBankingV1.testCases.TC_LoginTest_001@309e345f]" started-at="2022-06-10T13:42:35 IST" name="validateHeaderText" finished-at="2022-06-10T13:42:35 IST" duration-ms="598" status="PASS">
          <reporter-output>
          </reporter-output>
        </test-method> <!-- validateHeaderText -->
        <test-method is-config="true" signature="tearDown()[pri:0, instance:com.inetBankingV1.testCases.TC_LoginTest_001@309e345f]" started-at="2022-06-10T13:42:35 IST" name="tearDown" finished-at="2022-06-10T13:42:36 IST" duration-ms="318" status="PASS">
          <reporter-output>
          </reporter-output>
        </test-method> <!-- tearDown -->
      </class> <!-- com.inetBankingV1.testCases.TC_LoginTest_001 -->
      <class name="com.inetBankingV1.testCases.TC_LoginDDT_002">
        <test-method is-config="true" signature="setUp(java.lang.String)[pri:0, instance:com.inetBankingV1.testCases.TC_LoginDDT_002@54c562f7]" started-at="2022-06-10T13:42:36 IST" name="setUp" finished-at="2022-06-10T13:42:43 IST" duration-ms="6948" status="PASS">
          <params>
            <param index="0">
              <value>
                <![CDATA[chrome]]>
              </value>
            </param>
          </params>
          <reporter-output>
          </reporter-output>
        </test-method> <!-- setUp -->
        <test-method signature="loginDDT(java.lang.String,java.lang.String)[pri:0, instance:com.inetBankingV1.testCases.TC_LoginDDT_002@54c562f7]" started-at="2022-06-10T13:42:45 IST" name="loginDDT" data-provider="LoginData" finished-at="2022-06-10T13:42:58 IST" duration-ms="13219" status="PASS">
          <params>
            <param index="0">
              <value>
                <![CDATA[mngr266311]]>
              </value>
            </param>
            <param index="1">
              <value>
                <![CDATA[YvuzYtY]]>
              </value>
            </param>
          </params>
          <reporter-output>
          </reporter-output>
        </test-method> <!-- loginDDT -->
        <test-method signature="loginDDT(java.lang.String,java.lang.String)[pri:0, instance:com.inetBankingV1.testCases.TC_LoginDDT_002@54c562f7]" started-at="2022-06-10T13:42:58 IST" name="loginDDT" data-provider="LoginData" finished-at="2022-06-10T13:43:12 IST" duration-ms="13687" status="PASS">
          <params>
            <param index="0">
              <value>
                <![CDATA[mngr266311]]>
              </value>
            </param>
            <param index="1">
              <value>
                <![CDATA[YvuzYtY]]>
              </value>
            </param>
          </params>
          <reporter-output>
          </reporter-output>
        </test-method> <!-- loginDDT -->
        <test-method is-config="true" signature="tearDown()[pri:0, instance:com.inetBankingV1.testCases.TC_LoginDDT_002@54c562f7]" started-at="2022-06-10T13:43:12 IST" name="tearDown" finished-at="2022-06-10T13:43:13 IST" duration-ms="854" status="PASS">
          <reporter-output>
          </reporter-output>
        </test-method> <!-- tearDown -->
      </class> <!-- com.inetBankingV1.testCases.TC_LoginDDT_002 -->
    </test> <!-- Banking Test -->
  </suite> <!-- InetBankingV1 -->
</testng-results>
