<?xml version="1.0" encoding="UTF-8"?>
<testsuite name="TestSuite" time="46.423" tests="5" errors="0" skipped="0" failures="0">
  <properties>
[...]
</properties>
  <testcase name="loginTest" classname="com.inetBankingV1.testCases.TC_LoginTest_001" time="6.781"/>
  <testcase name="validateHeaderText" classname="com.inetBankingV1.testCases.TC_LoginTest_001" time="0.598"/>
  <testcase name="loginDDT" classname="com.inetBankingV1.testCases.TC_LoginDDT_002" time="13.221"/>
  <testcase name="loginDDT" classname="com.inetBankingV1.testCases.TC_LoginDDT_002" time="13.689"/>
  <testcase name="addNewCustomer" classname="com.inetBankingV1.testCases.TC_AddCustomerTest_003" time="25.823"/>
</testsuite>